<?xml version="1.0" encoding="UTF-8"?>
<!-- Generated by org.testng.reporters.JUnitReportReporter -->
<testsuite hostname="Chandan" failures="0" tests="1" name="runner.TestNgRunnerTest" time="0.011" errors="0" timestamp="2023-12-18T23:21:53 IST" skipped="0">
  <testcase classname="runner.TestNgRunnerTest" name="f" time="0.011"/>
</testsuite> <!-- runner.TestNgRunnerTest -->
