<?xml version="1.0" encoding="UTF-8"?>
<!-- Generated by org.testng.reporters.JUnitReportReporter -->
<testsuite hostname="DESKTOP-3TABVOU" failures="0" tests="1" name="runner.TestNgRunner" time="23.930" errors="0" timestamp="2022-12-05T19:44:53 IST" skipped="0">
  <testcase classname="runner.TestNgRunner" name="runScenario" time="23.930"/>
  <system-out/>
</testsuite> <!-- runner.TestNgRunner -->
