<?xml version="1.0" encoding="UTF-8"?>
<!-- Generated by org.testng.reporters.JUnitReportReporter -->
<testsuite hostname="DESKTOP-3TABVOU" failures="0" tests="1" name="runner.TestNgRunner" time="19.728" errors="0" timestamp="2022-12-05T19:31:42 IST" skipped="0">
  <testcase classname="runner.TestNgRunner" name="runScenario" time="19.728"/>
  <system-out/>
</testsuite> <!-- runner.TestNgRunner -->
